<?xml version="1.0" encoding="UTF-8"?>
<coverage generated="1653981553733" clover="3.2.0">
  <project timestamp="1653981553734" name="All files">
    <metrics statements="4" coveredstatements="4" conditionals="0" coveredconditionals="0" methods="1" coveredmethods="1" elements="5" coveredelements="5" complexity="0" loc="4" ncloc="4" packages="1" files="1" classes="1"/>
    <file name="getAllUsers.ts" path="C:\Users\ricky-suhanry\Desktop\tdd-typescript-demo\src\routes\getAllUsers.ts">
      <metrics statements="4" coveredstatements="4" conditionals="0" coveredconditionals="0" methods="1" coveredmethods="1"/>
      <line num="3" count="1" type="stmt"/>
      <line num="4" count="1" type="stmt"/>
      <line num="14" count="1" type="stmt"/>
      <line num="15" count="1" type="stmt"/>
    </file>
  </project>
</coverage>
