{"C:\\Users\\ricky-suhanry\\Desktop\\tdd-typescript-demo\\src\\routes\\getAllUsers.ts": {"path":"C:\\Users\\ricky-suhanry\\Desktop\\tdd-typescript-demo\\src\\routes\\getAllUsers.ts","statementMap":{"0":{"start":{"line":4,"column":18},"end":{"line":13,"column":null}},"1":{"start":{"line":14,"column":4},"end":{"line":14,"column":30}},"2":{"start":{"line":15,"column":4},"end":{"line":15,"column":29}},"3":{"start":{"line":3,"column":0},"end":{"line":3,"column":24}}},"fnMap":{"0":{"name":"getAllUsers","decl":{"start":{"line":3,"column":24},"end":{"line":3,"column":35}},"loc":{"start":{"line":3,"column":72},"end":{"line":16,"column":1}}}},"branchMap":{},"s":{"0":1,"1":1,"2":1,"3":1},"f":{"0":1},"b":{}}
}
